{
  "RSpec": {
    "coverage": {
      "/Users/bbutler/projects/flatiron/bonus-lectures/testify/lib/gilded_rose.rb": [
        1,
        1,
        null,
        1,
        10,
        10,
        10,
        null,
        null,
        1,
        10,
        4,
        3,
        2,
        null,
        null,
        null,
        6,
        5,
        5,
        3,
        3,
        2,
        null,
        null,
        3,
        1,
        1,
        null,
        null,
        null,
        null,
        null,
        10,
        9,
        null,
        10,
        5,
        3,
        2,
        1,
        1,
        null,
        null,
        null,
        1,
        null,
        null,
        2,
        1,
        null,
        null,
        null,
        null,
        null
      ]
    },
    "timestamp": 1562779143
  }
}
